<?xml version="1.0" encoding="UTF-8"?>
<!-- Generated by org.testng.reporters.JUnitReportReporter -->
<testsuite hostname="Michael" name="com.ucard.rop.test.UserServiceTest" tests="1" failures="0" timestamp="4 Aug 2014 08:55:34 GMT" time="10.536" errors="0">
  <testcase name="testLoginad" time="10.536" classname="com.ucard.rop.test.UserServiceTest"/>
</testsuite> <!-- com.ucard.rop.test.UserServiceTest -->
